app/build/outputs/logs/manifest-merger-debug-report.txt
-- Merging decision tree log ---
manifest
ADDED from src/main/AndroidManifest.xml:2:1-177:12
	package
		ADDED from src/main/AndroidManifest.xml:3:7-50
		INJECTED from src/main/AndroidManifest.xml
		INJECTED from src/main/AndroidManifest.xml
	android:versionName
		ADDED from src/main/AndroidManifest.xml:5:7-34
		INJECTED from src/main/AndroidManifest.xml
		INJECTED from src/main/AndroidManifest.xml
	android:versionCode
		ADDED from src/main/AndroidManifest.xml:4:7-31
		INJECTED from src/main/AndroidManifest.xml
		INJECTED from src/main/AndroidManifest.xml
	xmlns:android
		ADDED from src/main/AndroidManifest.xml:2:11-69
uses-sdk
ADDED from src/main/AndroidManifest.xml:8:5-11:8
MERGED from [com.google.android.gms:play-services:4.3.23] AndroidManifest.xml:7:5-42
	android:targetSdkVersion
		ADDED from src/main/AndroidManifest.xml:10:6-35
		INJECTED from src/main/AndroidManifest.xml
		INJECTED from src/main/AndroidManifest.xml
	android:minSdkVersion
		ADDED from src/main/AndroidManifest.xml:9:6-31
		INJECTED from src/main/AndroidManifest.xml
		INJECTED from src/main/AndroidManifest.xml
uses-permission#android.permission.INTERNET
ADDED from src/main/AndroidManifest.xml:13:5-67
	android:name
		ADDED from src/main/AndroidManifest.xml:13:22-64
uses-permission#android.permission.VIBRATE
ADDED from src/main/AndroidManifest.xml:14:5-66
	android:name
		ADDED from src/main/AndroidManifest.xml:14:22-63
uses-permission#android.permission.CALL_PHONE
ADDED from src/main/AndroidManifest.xml:15:5-69
	android:name
		ADDED from src/main/AndroidManifest.xml:15:22-66
uses-permission#android.permission.ACCESS_FINE_LOCATION
ADDED from src/main/AndroidManifest.xml:16:5-79
	android:name
		ADDED from src/main/AndroidManifest.xml:16:22-76
uses-permission#android.permission.ACCESS_COARSE_LOCATION
ADDED from src/main/AndroidManifest.xml:17:5-81
	android:name
		ADDED from src/main/AndroidManifest.xml:17:22-78
uses-permission#android.permission.ACCESS_NETWORK_STATE
ADDED from src/main/AndroidManifest.xml:18:5-79
	android:name
		ADDED from src/main/AndroidManifest.xml:18:22-76
uses-permission#android.permission.WAKE_LOCK
ADDED from src/main/AndroidManifest.xml:19:5-68
	android:name
		ADDED from src/main/AndroidManifest.xml:19:22-65
uses-permission#android.permission.RECEIVE_BOOT_COMPLETED
ADDED from src/main/AndroidManifest.xml:20:5-81
	android:name
		ADDED from src/main/AndroidManifest.xml:20:22-78
uses-permission#android.permission.WRITE_EXTERNAL_STORAGE
ADDED from src/main/AndroidManifest.xml:21:5-81
	android:name
		ADDED from src/main/AndroidManifest.xml:21:22-78
uses-permission#com.android.launcher.permission.INSTALL_SHORTCUT
ADDED from src/main/AndroidManifest.xml:22:5-88
	android:name
		ADDED from src/main/AndroidManifest.xml:22:22-85
uses-feature#android.hardware.telephony
ADDED from src/main/AndroidManifest.xml:25:5-88
	android:required
		ADDED from src/main/AndroidManifest.xml:25:61-85
	android:name
		ADDED from src/main/AndroidManifest.xml:25:19-60
uses-feature#android.hardware.location
ADDED from src/main/AndroidManifest.xml:27:5-87
	android:required
		ADDED from src/main/AndroidManifest.xml:27:60-84
	android:name
		ADDED from src/main/AndroidManifest.xml:27:19-59
uses-feature#android.hardware.location.gps
ADDED from src/main/AndroidManifest.xml:28:5-91
	android:required
		ADDED from src/main/AndroidManifest.xml:28:64-88
	android:name
		ADDED from src/main/AndroidManifest.xml:28:19-63
uses-feature#android.hardware.location.network
ADDED from src/main/AndroidManifest.xml:29:5-95
	android:required
		ADDED from src/main/AndroidManifest.xml:29:68-92
	android:name
		ADDED from src/main/AndroidManifest.xml:29:19-67
supports-screens
ADDED from src/main/AndroidManifest.xml:31:5-36:8
	android:largeScreens
		ADDED from src/main/AndroidManifest.xml:34:6-33
	android:smallScreens
		ADDED from src/main/AndroidManifest.xml:32:6-33
	android:normalScreens
		ADDED from src/main/AndroidManifest.xml:33:6-34
	android:anyDensity
		ADDED from src/main/AndroidManifest.xml:35:6-31
application
ADDED from src/main/AndroidManifest.xml:39:5-176:19
	android:label
		ADDED from src/main/AndroidManifest.xml:42:6-38
	android:debuggable
		ADDED from src/main/AndroidManifest.xml:40:9-35
	android:icon
		ADDED from src/main/AndroidManifest.xml:39:18-47
	android:theme
		ADDED from src/main/AndroidManifest.xml:43:6-38
	android:name
		ADDED from src/main/AndroidManifest.xml:41:9-36
activity#com.sunlightlabs.android.congress.MenuMain
ADDED from src/main/AndroidManifest.xml:45:9-57:20
	android:label
		ADDED from src/main/AndroidManifest.xml:46:13-45
	android:windowSoftInputMode
		ADDED from src/main/AndroidManifest.xml:47:13-52
	android:name
		ADDED from src/main/AndroidManifest.xml:45:19-43
intent-filter#android.intent.action.MAIN+android.intent.category.LAUNCHER
ADDED from src/main/AndroidManifest.xml:49:13-52:29
action#android.intent.action.MAIN
ADDED from src/main/AndroidManifest.xml:50:17-69
	android:name
		ADDED from src/main/AndroidManifest.xml:50:25-66
category#android.intent.category.LAUNCHER
ADDED from src/main/AndroidManifest.xml:51:17-77
	android:name
		ADDED from src/main/AndroidManifest.xml:51:27-74
meta-data#android.app.default_searchable
ADDED from src/main/AndroidManifest.xml:54:13-56:7
	android:value
		ADDED from src/main/AndroidManifest.xml:55:5-32
	android:name
		ADDED from src/main/AndroidManifest.xml:54:24-69
activity#com.sunlightlabs.android.congress.MenuBills
ADDED from src/main/AndroidManifest.xml:59:9-63:20
	android:name
		ADDED from src/main/AndroidManifest.xml:59:19-44
activity#com.sunlightlabs.android.congress.BillSearch
ADDED from src/main/AndroidManifest.xml:65:9-76:20
	android:name
		ADDED from src/main/AndroidManifest.xml:65:19-45
intent-filter#android.intent.action.SEARCH
ADDED from src/main/AndroidManifest.xml:66:13-68:26
action#android.intent.action.SEARCH
ADDED from src/main/AndroidManifest.xml:67:5-59
	android:name
		ADDED from src/main/AndroidManifest.xml:67:13-56
meta-data#android.app.searchable
ADDED from src/main/AndroidManifest.xml:70:10-72:7
	android:resource
		ADDED from src/main/AndroidManifest.xml:71:5-45
	android:name
		ADDED from src/main/AndroidManifest.xml:70:21-58
activity#com.sunlightlabs.android.congress.MenuLegislators
ADDED from src/main/AndroidManifest.xml:78:9-82:20
	android:name
		ADDED from src/main/AndroidManifest.xml:78:19-50
activity#com.sunlightlabs.android.congress.LegislatorLoader
ADDED from src/main/AndroidManifest.xml:83:9-54
	android:name
		ADDED from src/main/AndroidManifest.xml:83:19-51
activity#com.sunlightlabs.android.congress.LegislatorPager
ADDED from src/main/AndroidManifest.xml:84:9-53
	android:name
		ADDED from src/main/AndroidManifest.xml:84:19-50
activity#com.sunlightlabs.android.congress.LegislatorCosponsors
ADDED from src/main/AndroidManifest.xml:85:9-58
	android:name
		ADDED from src/main/AndroidManifest.xml:85:19-55
activity#com.sunlightlabs.android.congress.LegislatorSearch
ADDED from src/main/AndroidManifest.xml:87:9-98:20
	android:name
		ADDED from src/main/AndroidManifest.xml:87:19-51
activity#com.sunlightlabs.android.congress.BillPager
ADDED from src/main/AndroidManifest.xml:100:9-109:20
	android:name
		ADDED from src/main/AndroidManifest.xml:100:19-44
intent-filter#android.intent.action.VIEW+android.intent.category.DEFAULT
ADDED from src/main/AndroidManifest.xml:101:13-108:26
action#android.intent.action.VIEW
ADDED from src/main/AndroidManifest.xml:102:14-66
	android:name
		ADDED from src/main/AndroidManifest.xml:102:22-63
category#android.intent.category.DEFAULT
ADDED from src/main/AndroidManifest.xml:103:14-73
	android:name
		ADDED from src/main/AndroidManifest.xml:103:24-70
data
ADDED from src/main/AndroidManifest.xml:104:14-107:20
	android:host
		ADDED from src/main/AndroidManifest.xml:105:18-66
	android:scheme
		ADDED from src/main/AndroidManifest.xml:104:20-45
	android:pathPrefix
		ADDED from src/main/AndroidManifest.xml:106:18-44
activity#com.sunlightlabs.android.congress.MenuVotes
ADDED from src/main/AndroidManifest.xml:111:9-47
	android:name
		ADDED from src/main/AndroidManifest.xml:111:19-44
activity#com.sunlightlabs.android.congress.RollInfo
ADDED from src/main/AndroidManifest.xml:113:9-126:20
	android:name
		ADDED from src/main/AndroidManifest.xml:113:19-43
intent-filter#android.intent.action.MAIN+android.intent.category.DEFAULT
ADDED from src/main/AndroidManifest.xml:114:10-117:26
activity#com.sunlightlabs.android.congress.CommitteeListPager
ADDED from src/main/AndroidManifest.xml:128:9-56
	android:name
		ADDED from src/main/AndroidManifest.xml:128:19-53
activity#com.sunlightlabs.android.congress.CommitteeMember
ADDED from src/main/AndroidManifest.xml:129:9-53
	android:name
		ADDED from src/main/AndroidManifest.xml:129:19-50
activity#com.sunlightlabs.android.congress.CommitteePager
ADDED from src/main/AndroidManifest.xml:130:9-52
	android:name
		ADDED from src/main/AndroidManifest.xml:130:19-49
activity#com.sunlightlabs.android.congress.FloorUpdatePager
ADDED from src/main/AndroidManifest.xml:132:9-54
	android:name
		ADDED from src/main/AndroidManifest.xml:132:19-51
activity#com.sunlightlabs.android.congress.HearingPager
ADDED from src/main/AndroidManifest.xml:133:9-50
	android:name
		ADDED from src/main/AndroidManifest.xml:133:19-47
activity#com.sunlightlabs.android.congress.NotificationTabs
ADDED from src/main/AndroidManifest.xml:135:9-54
	android:name
		ADDED from src/main/AndroidManifest.xml:135:19-51
activity#com.sunlightlabs.android.congress.NotificationSettings
ADDED from src/main/AndroidManifest.xml:136:9-58
	android:name
		ADDED from src/main/AndroidManifest.xml:136:19-55
activity#com.sunlightlabs.android.congress.NotificationSubscriptions
ADDED from src/main/AndroidManifest.xml:137:9-63
	android:name
		ADDED from src/main/AndroidManifest.xml:137:19-60
activity#com.sunlightlabs.android.congress.Settings
ADDED from src/main/AndroidManifest.xml:139:9-46
	android:name
		ADDED from src/main/AndroidManifest.xml:139:19-43
provider#com.sunlightlabs.android.congress.providers.SuggestionsProvider
ADDED from src/main/AndroidManifest.xml:141:9-143:17
	android:authorities
		ADDED from src/main/AndroidManifest.xml:142:15-100
	android:name
		ADDED from src/main/AndroidManifest.xml:141:19-64
receiver#com.sunlightlabs.android.congress.notifications.OnBootReceiver
ADDED from src/main/AndroidManifest.xml:145:9-149:20
	android:name
		ADDED from src/main/AndroidManifest.xml:145:19-63
intent-filter#android.intent.action.BOOT_COMPLETED
ADDED from src/main/AndroidManifest.xml:146:10-148:26
action#android.intent.action.BOOT_COMPLETED
ADDED from src/main/AndroidManifest.xml:147:11-73
	android:name
		ADDED from src/main/AndroidManifest.xml:147:19-70
receiver#com.sunlightlabs.android.congress.notifications.OnAlarmReceiver
ADDED from src/main/AndroidManifest.xml:151:9-67
	android:name
		ADDED from src/main/AndroidManifest.xml:151:19-64
receiver#com.sunlightlabs.android.congress.notifications.OnServiceActionReceiver
ADDED from src/main/AndroidManifest.xml:153:9-158:20
	android:name
		ADDED from src/main/AndroidManifest.xml:153:19-72
intent-filter#com.sunlightlabs.android.congress.intent.action.START_NOTIFICATION_SERVICE+com.sunlightlabs.android.congress.intent.action.STOP_NOTIFICATION_SERVICE
ADDED from src/main/AndroidManifest.xml:154:10-157:26
action#com.sunlightlabs.android.congress.intent.action.START_NOTIFICATION_SERVICE
ADDED from src/main/AndroidManifest.xml:155:11-111
	android:name
		ADDED from src/main/AndroidManifest.xml:155:19-108
action#com.sunlightlabs.android.congress.intent.action.STOP_NOTIFICATION_SERVICE
ADDED from src/main/AndroidManifest.xml:156:11-110
	android:name
		ADDED from src/main/AndroidManifest.xml:156:19-107
service#com.sunlightlabs.android.congress.notifications.NotificationService
ADDED from src/main/AndroidManifest.xml:160:3-64
	android:name
		ADDED from src/main/AndroidManifest.xml:160:12-61
service#com.google.android.gms.analytics.CampaignTrackingService
ADDED from src/main/AndroidManifest.xml:163:9-91
	android:name
		ADDED from src/main/AndroidManifest.xml:163:18-89
receiver#com.google.android.gms.analytics.CampaignTrackingReceiver
ADDED from src/main/AndroidManifest.xml:164:9-170:20
	android:exported
		ADDED from src/main/AndroidManifest.xml:166:13-36
	android:name
		ADDED from src/main/AndroidManifest.xml:165:13-85
intent-filter#com.android.vending.INSTALL_REFERRER
ADDED from src/main/AndroidManifest.xml:167:13-169:29
action#com.android.vending.INSTALL_REFERRER
ADDED from src/main/AndroidManifest.xml:168:17-79
	android:name
		ADDED from src/main/AndroidManifest.xml:168:25-76
meta-data#com.google.android.gms.analytics.globalConfigResource
ADDED from src/main/AndroidManifest.xml:172:9-174:15
	android:resource
		ADDED from src/main/AndroidManifest.xml:173:13-46
	android:name
		ADDED from src/main/AndroidManifest.xml:172:20-88